Copyright 1986-2018 Xilinx, Inc. All Rights Reserved.
------------------------------------------------------------------------------------
| Tool Version : Vivado v.2018.3 (win64) Build 2405991 Thu Dec  6 23:38:27 MST 2018
| Date         : Thu Jun  2 16:42:09 2022
| Host         : DESKTOP-T22LSJU running 64-bit major release  (build 9200)
| Command      : upgrade_ip
| Device       : xc7z020clg484-1
------------------------------------------------------------------------------------

Upgrade Log for IP 'BlockDesign_QPSKBlockIP_0_0'

1. Summary
----------

SUCCESS in the upgrade of BlockDesign_QPSKBlockIP_0_0 (Unai:user:QPSKBlockIP:1.0) from (Rev. 5) to (Rev. 6)






Copyright 1986-2018 Xilinx, Inc. All Rights Reserved.
------------------------------------------------------------------------------------
| Tool Version : Vivado v.2018.3 (win64) Build 2405991 Thu Dec  6 23:38:27 MST 2018
| Date         : Thu Jun  2 16:38:11 2022
| Host         : DESKTOP-T22LSJU running 64-bit major release  (build 9200)
| Command      : upgrade_ip
| Device       : xc7z020clg484-1
------------------------------------------------------------------------------------

Upgrade Log for IP 'BlockDesign_QPSKBlockIP_0_0'

1. Summary
----------

SUCCESS in the upgrade of BlockDesign_QPSKBlockIP_0_0 (Unai:user:QPSKBlockIP:1.0) from (Rev. 3) to (Rev. 5)






Copyright 1986-2018 Xilinx, Inc. All Rights Reserved.
------------------------------------------------------------------------------------
| Tool Version : Vivado v.2018.3 (win64) Build 2405991 Thu Dec  6 23:38:27 MST 2018
| Date         : Thu Jun  2 16:38:11 2022
| Host         : DESKTOP-T22LSJU running 64-bit major release  (build 9200)
| Command      : upgrade_ip
| Device       : xc7z020clg484-1
------------------------------------------------------------------------------------

Upgrade Log for IP 'BlockDesign_HamsterB_0_0'

1. Summary
----------

SUCCESS in the upgrade of BlockDesign_HamsterB_0_0 (Unai:user:HamsterB:1.0) from (Rev. 2) to (Rev. 3)






Copyright 1986-2018 Xilinx, Inc. All Rights Reserved.
------------------------------------------------------------------------------------
| Tool Version : Vivado v.2018.3 (win64) Build 2405991 Thu Dec  6 23:38:27 MST 2018
| Date         : Mon May 30 17:54:54 2022
| Host         : DESKTOP-T22LSJU running 64-bit major release  (build 9200)
| Command      : upgrade_ip
| Device       : xc7z020clg484-1
------------------------------------------------------------------------------------

Upgrade Log for IP 'BlockDesign_HamsterB_0_0'

1. Summary
----------

SUCCESS in the upgrade of BlockDesign_HamsterB_0_0 (Unai:user:HamsterB:1.0) from (Rev. 1) to (Rev. 2)






Copyright 1986-2018 Xilinx, Inc. All Rights Reserved.
------------------------------------------------------------------------------------
| Tool Version : Vivado v.2018.3 (win64) Build 2405991 Thu Dec  6 23:38:27 MST 2018
| Date         : Mon May 30 17:52:44 2022
| Host         : DESKTOP-T22LSJU running 64-bit major release  (build 9200)
| Command      : upgrade_ip
| Device       : xc7z020clg484-1
------------------------------------------------------------------------------------

Upgrade Log for IP 'BlockDesign_QPSKBlockIP_0_0'

1. Summary
----------

SUCCESS in the upgrade of BlockDesign_QPSKBlockIP_0_0 (Unai:user:QPSKBlockIP:1.0) from (Rev. 2) to (Rev. 3)






Copyright 1986-2018 Xilinx, Inc. All Rights Reserved.
------------------------------------------------------------------------------------
| Tool Version : Vivado v.2018.3 (win64) Build 2405991 Thu Dec  6 23:38:27 MST 2018
| Date         : Mon May 30 17:33:55 2022
| Host         : DESKTOP-T22LSJU running 64-bit major release  (build 9200)
| Command      : upgrade_ip
| Device       : xc7z020clg484-1
------------------------------------------------------------------------------------

Upgrade Log for IP 'BlockDesign_QPSKBlockIP_0_0'

1. Summary
----------

SUCCESS in the upgrade of BlockDesign_QPSKBlockIP_0_0 (Unai:user:QPSKBlockIP:1.0) from (Rev. 1) to (Rev. 2)

