Copyright 1986-2018 Xilinx, Inc. All Rights Reserved.
---------------------------------------------------------------------------------------------------------------------------------------------------
| Tool Version : Vivado v.2018.3 (win64) Build 2405991 Thu Dec  6 23:38:27 MST 2018
| Date         : Thu Jun  2 16:48:13 2022
| Host         : DESKTOP-T22LSJU running 64-bit major release  (build 9200)
| Command      : report_drc -file BlockDesign_wrapper_drc_routed.rpt -pb BlockDesign_wrapper_drc_routed.pb -rpx BlockDesign_wrapper_drc_routed.rpx
| Design       : BlockDesign_wrapper
| Device       : xc7z020clg484-1
| Speed File   : -1
| Design State : Fully Routed
---------------------------------------------------------------------------------------------------------------------------------------------------

Report DRC

Table of Contents
-----------------
1. REPORT SUMMARY
2. REPORT DETAILS

1. REPORT SUMMARY
-----------------
            Netlist: netlist
          Floorplan: design_1
      Design limits: <entire design considered>
           Ruledeck: default
             Max violations: <unlimited>
             Violations found: 1
+-----------+----------+-------------------+------------+
| Rule      | Severity | Description       | Violations |
+-----------+----------+-------------------+------------+
| RTSTAT-10 | Warning  | No routable loads | 1          |
+-----------+----------+-------------------+------------+

2. REPORT DETAILS
-----------------
RTSTAT-10#1 Warning
No routable loads  
5 net(s) have no routable loads. The problem bus(es) and/or net(s) are BlockDesign_i/QPSKBlockIP_0/U0/QPSKBlockIP_v1_0_S01_AXI_inst/Inst_QPSK/Inst_fifo_gen/U0/inst_fifo_gen/gconvfifo.rf/grf.rf/gntv_or_sync_fifo.gl0.rd/gr1.gr1_int.rfwft/aempty_fwft_i, BlockDesign_i/QPSKBlockIP_0/U0/QPSKBlockIP_v1_0_S01_AXI_inst/Inst_QPSK/Inst_fifo_gen/U0/inst_fifo_gen/gconvfifo.rf/grf.rf/gntv_or_sync_fifo.gl0.wr/gwss.wsts/ram_afull_fb, BlockDesign_i/QPSKBlockIP_0/U0/QPSKBlockIP_v1_0_S01_AXI_inst/Inst_QPSK/Inst_fifo_gen/U0/inst_fifo_gen/gconvfifo.rf/grf.rf/gntv_or_sync_fifo.gl0.wr/gwss.wsts/ram_afull_i, BlockDesign_i/QPSKBlockIP_0/U0/QPSKBlockIP_v1_0_S01_AXI_inst/Inst_QPSK/Inst_fifo_gen/U0/inst_fifo_gen/gconvfifo.rf/grf.rf/gntv_or_sync_fifo.gl0.rd/grss.rsts/ram_empty_i, BlockDesign_i/QPSKBlockIP_0/U0/QPSKBlockIP_v1_0_S01_AXI_inst/Inst_QPSK/Inst_fifo_gen/U0/inst_fifo_gen/gconvfifo.rf/grf.rf/gntv_or_sync_fifo.gl0.rd/gr1.gr1_int.rfwft/user_valid.
Related violations: <none>


