Vivado Simulator 2018.3
Copyright 1986-1999, 2001-2018 Xilinx, Inc. All Rights Reserved.
Running: C:/Xilinx/Vivado/2018.3/bin/unwrapped/win64.o/xelab.exe -wto d1e15ea67420474b90055544c9242ffa --incr --debug typical --relax --mt 2 -L fifo_generator_v13_2_3 -L xil_defaultlib -L blk_mem_gen_v8_4_2 -L axi_infrastructure_v1_1_0 -L axi_vip_v1_1_4 -L processing_system7_vip_v1_0_6 -L lib_cdc_v1_0_2 -L proc_sys_reset_v5_0_13 -L generic_baseblocks_v2_1_0 -L axi_data_fifo_v2_1_17 -L axi_register_slice_v2_1_18 -L axi_protocol_converter_v2_1_18 -L xilinx_vip -L unisims_ver -L unimacro_ver -L secureip -L xpm --snapshot BlockDesign_wrapper_behav xil_defaultlib.BlockDesign_wrapper xil_defaultlib.glbl -log elaborate.log 
Using 2 slave threads.
Starting static elaboration
WARNING: [VRFC 10-3091] actual bit length 128 differs from formal bit length 64 for port 'WR_DATA_STRB' [/proj/xbuilds/2018.3_1207_2324/infra/XSIM/lin/.cxl.ip/incl/processing_system7_vip_v1_0_6_axi_gp.v:208]
WARNING: [VRFC 10-3091] actual bit length 12 differs from formal bit length 6 for port 'm_axi_bid' [/wrk/2018.3/nightly/2018_12_06_2405991/packages/customer/vivado/data/ip/xilinx/processing_system7_vip_v1_0/hdl/processing_system7_vip_v1_0_vl_rfs.sv:5463]
WARNING: [VRFC 10-3091] actual bit length 12 differs from formal bit length 6 for port 'm_axi_rid' [/wrk/2018.3/nightly/2018_12_06_2405991/packages/customer/vivado/data/ip/xilinx/processing_system7_vip_v1_0/hdl/processing_system7_vip_v1_0_vl_rfs.sv:5481]
WARNING: [VRFC 10-3091] actual bit length 128 differs from formal bit length 64 for port 'WR_DATA_STRB' [/proj/xbuilds/2018.3_1207_2324/infra/XSIM/lin/.cxl.ip/incl/processing_system7_vip_v1_0_6_axi_gp.v:292]
WARNING: [VRFC 10-3091] actual bit length 8 differs from formal bit length 9 for port 'WR_BYTES' [/proj/xbuilds/2018.3_1207_2324/infra/XSIM/lin/.cxl.ip/incl/processing_system7_vip_v1_0_6_axi_hp.v:80]
WARNING: [VRFC 10-3091] actual bit length 8 differs from formal bit length 9 for port 'RD_BYTES' [/proj/xbuilds/2018.3_1207_2324/infra/XSIM/lin/.cxl.ip/incl/processing_system7_vip_v1_0_6_axi_hp.v:89]
WARNING: [VRFC 10-3091] actual bit length 12 differs from formal bit length 6 for port 'm_axi_bid' [/wrk/2018.3/nightly/2018_12_06_2405991/packages/customer/vivado/data/ip/xilinx/processing_system7_vip_v1_0/hdl/processing_system7_vip_v1_0_vl_rfs.sv:10170]
WARNING: [VRFC 10-3091] actual bit length 12 differs from formal bit length 6 for port 'm_axi_rid' [/wrk/2018.3/nightly/2018_12_06_2405991/packages/customer/vivado/data/ip/xilinx/processing_system7_vip_v1_0/hdl/processing_system7_vip_v1_0_vl_rfs.sv:10188]
WARNING: [VRFC 10-3091] actual bit length 32 differs from formal bit length 64 for port 'm_axi_rdata' [/wrk/2018.3/nightly/2018_12_06_2405991/packages/customer/vivado/data/ip/xilinx/processing_system7_vip_v1_0/hdl/processing_system7_vip_v1_0_vl_rfs.sv:10189]
WARNING: [VRFC 10-3091] actual bit length 8 differs from formal bit length 9 for port 'WR_BYTES' [/proj/xbuilds/2018.3_1207_2324/infra/XSIM/lin/.cxl.ip/incl/processing_system7_vip_v1_0_6_axi_hp.v:165]
WARNING: [VRFC 10-3091] actual bit length 8 differs from formal bit length 9 for port 'RD_BYTES' [/proj/xbuilds/2018.3_1207_2324/infra/XSIM/lin/.cxl.ip/incl/processing_system7_vip_v1_0_6_axi_hp.v:174]
WARNING: [VRFC 10-3091] actual bit length 8 differs from formal bit length 9 for port 'WR_BYTES' [/proj/xbuilds/2018.3_1207_2324/infra/XSIM/lin/.cxl.ip/incl/processing_system7_vip_v1_0_6_axi_hp.v:251]
WARNING: [VRFC 10-3091] actual bit length 8 differs from formal bit length 9 for port 'RD_BYTES' [/proj/xbuilds/2018.3_1207_2324/infra/XSIM/lin/.cxl.ip/incl/processing_system7_vip_v1_0_6_axi_hp.v:260]
WARNING: [VRFC 10-3091] actual bit length 8 differs from formal bit length 9 for port 'WR_BYTES' [/proj/xbuilds/2018.3_1207_2324/infra/XSIM/lin/.cxl.ip/incl/processing_system7_vip_v1_0_6_axi_hp.v:337]
WARNING: [VRFC 10-3091] actual bit length 8 differs from formal bit length 9 for port 'RD_BYTES' [/proj/xbuilds/2018.3_1207_2324/infra/XSIM/lin/.cxl.ip/incl/processing_system7_vip_v1_0_6_axi_hp.v:346]
WARNING: [VRFC 10-3091] actual bit length 12 differs from formal bit length 3 for port 'm_axi_bid' [/wrk/2018.3/nightly/2018_12_06_2405991/packages/customer/vivado/data/ip/xilinx/processing_system7_vip_v1_0/hdl/processing_system7_vip_v1_0_vl_rfs.sv:7074]
WARNING: [VRFC 10-3091] actual bit length 12 differs from formal bit length 3 for port 'm_axi_rid' [/wrk/2018.3/nightly/2018_12_06_2405991/packages/customer/vivado/data/ip/xilinx/processing_system7_vip_v1_0/hdl/processing_system7_vip_v1_0_vl_rfs.sv:7092]
WARNING: [VRFC 10-3091] actual bit length 32 differs from formal bit length 64 for port 'm_axi_rdata' [/wrk/2018.3/nightly/2018_12_06_2405991/packages/customer/vivado/data/ip/xilinx/processing_system7_vip_v1_0/hdl/processing_system7_vip_v1_0_vl_rfs.sv:7093]
WARNING: [VRFC 10-3027] 'ocm_wr_strb_port0' was previously declared with a different range [/wrk/2018.3/nightly/2018_12_06_2405991/packages/customer/vivado/data/ip/xilinx/processing_system7_vip_v1_0/hdl/processing_system7_vip_v1_0_vl_rfs.sv:3726]
WARNING: [VRFC 10-3283] element index 64 into 'wrp_strb' is out of bounds [/wrk/2018.3/nightly/2018_12_06_2405991/packages/customer/vivado/data/ip/xilinx/processing_system7_vip_v1_0/hdl/processing_system7_vip_v1_0_vl_rfs.sv:6051]
WARNING: [VRFC 10-3283] element index 128 into 'wrp_strb' is out of bounds [/wrk/2018.3/nightly/2018_12_06_2405991/packages/customer/vivado/data/ip/xilinx/processing_system7_vip_v1_0/hdl/processing_system7_vip_v1_0_vl_rfs.sv:10811]
WARNING: [VRFC 10-3283] element index 128 into 'wrp_strb' is out of bounds [/wrk/2018.3/nightly/2018_12_06_2405991/packages/customer/vivado/data/ip/xilinx/processing_system7_vip_v1_0/hdl/processing_system7_vip_v1_0_vl_rfs.sv:7689]
WARNING: [VRFC 10-3705] select index 4 into 'wr_fifo_rd_ptr' is out of bounds [/wrk/2018.3/nightly/2018_12_06_2405991/packages/customer/vivado/data/ip/xilinx/processing_system7_vip_v1_0/hdl/processing_system7_vip_v1_0_vl_rfs.sv:7902]
WARNING: [VRFC 10-3705] select index 4 into 'ar_cnt' is out of bounds [/wrk/2018.3/nightly/2018_12_06_2405991/packages/customer/vivado/data/ip/xilinx/processing_system7_vip_v1_0/hdl/processing_system7_vip_v1_0_vl_rfs.sv:8041]
WARNING: [VRFC 10-3705] select index 4 into 'wr_rresp_cnt' is out of bounds [/wrk/2018.3/nightly/2018_12_06_2405991/packages/customer/vivado/data/ip/xilinx/processing_system7_vip_v1_0/hdl/processing_system7_vip_v1_0_vl_rfs.sv:8138]
WARNING: [VRFC 10-3705] select index 4 into 'rd_fifo_wr_ptr' is out of bounds [/wrk/2018.3/nightly/2018_12_06_2405991/packages/customer/vivado/data/ip/xilinx/processing_system7_vip_v1_0/hdl/processing_system7_vip_v1_0_vl_rfs.sv:8157]
WARNING: [VRFC 10-3705] select index 4 into 'rd_cnt' is out of bounds [/wrk/2018.3/nightly/2018_12_06_2405991/packages/customer/vivado/data/ip/xilinx/processing_system7_vip_v1_0/hdl/processing_system7_vip_v1_0_vl_rfs.sv:8298]
WARNING: [VRFC 10-3705] select index 4 into 'rresp_time_cnt' is out of bounds [/wrk/2018.3/nightly/2018_12_06_2405991/packages/customer/vivado/data/ip/xilinx/processing_system7_vip_v1_0/hdl/processing_system7_vip_v1_0_vl_rfs.sv:8303]
WARNING: [VRFC 10-3705] select index 4 into 'rd_fifo_rd_ptr' is out of bounds [/wrk/2018.3/nightly/2018_12_06_2405991/packages/customer/vivado/data/ip/xilinx/processing_system7_vip_v1_0/hdl/processing_system7_vip_v1_0_vl_rfs.sv:8308]
Completed static elaboration
Starting simulation data flow analysis
Completed simulation data flow analysis
Time Resolution for simulation is 1ps
Compiling package std.standard
Compiling package std.textio
Compiling package ieee.std_logic_1164
Compiling package ieee.numeric_std
Compiling package unisim.vcomponents
Compiling package ieee.vital_timing
Compiling package ieee.vital_primitives
Compiling package unisim.vpkg
Compiling package ieee.std_logic_arith
Compiling package synopsys.attributes
Compiling package ieee.std_logic_misc
Compiling package vl.vl_types
Compiling module xil_defaultlib.glbl
Compiling architecture iobuf_v of entity unisim.IOBUF [\IOBUF(1,7)(1,4)\]
Compiling architecture behavioral of entity xil_defaultlib.adau1761_configuraiton_data [adau1761_configuraiton_data_defa...]
Compiling architecture behavioral of entity xil_defaultlib.i3c2 [\i3c2(clk_divide="01111000")\]
Compiling architecture behavioral of entity xil_defaultlib.i2c [i2c_default]
Compiling architecture behavioral of entity xil_defaultlib.ADAU1761_interface [adau1761_interface_default]
Compiling architecture behavioral of entity xil_defaultlib.i2s_data_interface [i2s_data_interface_default]
Compiling architecture behavioral of entity xil_defaultlib.adau1761_izedboard [adau1761_izedboard_default]
Compiling architecture behavioral of entity xil_defaultlib.qpsk_egokitu [qpsk_egokitu_default]
Compiling architecture behavioral of entity xil_defaultlib.adau1761_test [adau1761_test_default]
Compiling architecture blockdesign_hamsterb_0_0_arch of entity xil_defaultlib.BlockDesign_HamsterB_0_0 [blockdesign_hamsterb_0_0_default]
Compiling architecture behavioral of entity xil_defaultlib.control [control_default]
Compiling module blk_mem_gen_v8_4_2.blk_mem_gen_v8_4_2_output_stage(...
Compiling module blk_mem_gen_v8_4_2.blk_mem_gen_v8_4_2_output_stage(...
Compiling module blk_mem_gen_v8_4_2.blk_mem_gen_v8_4_2_softecc_outpu...
Compiling module blk_mem_gen_v8_4_2.blk_mem_gen_v8_4_2_mem_module(C_...
Compiling module blk_mem_gen_v8_4_2.blk_mem_gen_v8_4_2(C_FAMILY="zyn...
Compiling module xil_defaultlib.blk_mem_gen_0
Compiling module fifo_generator_v13_2_3.fifo_generator_v13_2_3_bhv_ver_s...
Compiling module fifo_generator_v13_2_3.fifo_generator_v13_2_3_bhv_ver_p...
Compiling module fifo_generator_v13_2_3.fifo_generator_v13_2_3_CONV_VER(...
Compiling module fifo_generator_v13_2_3.fifo_generator_vlog_beh(C_COMMON...
Compiling module fifo_generator_v13_2_3.fifo_generator_v13_2_3(C_COMMON_...
Compiling module xil_defaultlib.fifo_gen
Compiling architecture behavioral of entity xil_defaultlib.QPSK [qpsk_default]
Compiling architecture arch_imp of entity xil_defaultlib.QPSKBlockIP_v1_0_S01_AXI [qpskblockip_v1_0_s01_axi_default]
Compiling architecture arch_imp of entity xil_defaultlib.QPSKBlockIP_v1_0 [qpskblockip_v1_0_default]
Compiling architecture blockdesign_qpskblockip_0_0_arch of entity xil_defaultlib.BlockDesign_QPSKBlockIP_0_0 [blockdesign_qpskblockip_0_0_defa...]
Compiling module processing_system7_vip_v1_0_6.processing_system7_vip_v1_0_6_ge...
Compiling module processing_system7_vip_v1_0_6.processing_system7_vip_v1_0_6_ge...
Compiling module processing_system7_vip_v1_0_6.processing_system7_vip_v1_0_6_ar...
Compiling module processing_system7_vip_v1_0_6.processing_system7_vip_v1_0_6_ar...
Compiling module processing_system7_vip_v1_0_6.processing_system7_vip_v1_0_6_fm...
Compiling module processing_system7_vip_v1_0_6.processing_system7_vip_v1_0_6_ar...
Compiling module processing_system7_vip_v1_0_6.processing_system7_vip_v1_0_6_ar...
Compiling module processing_system7_vip_v1_0_6.processing_system7_vip_v1_0_6_ar...
Compiling module processing_system7_vip_v1_0_6.processing_system7_vip_v1_0_6_ar...
Compiling module processing_system7_vip_v1_0_6.processing_system7_vip_v1_0_6_ss...
Compiling module processing_system7_vip_v1_0_6.processing_system7_vip_v1_0_6_in...
Compiling module processing_system7_vip_v1_0_6.processing_system7_vip_v1_0_6_sp...
Compiling module processing_system7_vip_v1_0_6.processing_system7_vip_v1_0_6_dd...
Compiling module processing_system7_vip_v1_0_6.processing_system7_vip_v1_0_6_oc...
Compiling module processing_system7_vip_v1_0_6.processing_system7_vip_v1_0_6_oc...
Compiling module processing_system7_vip_v1_0_6.processing_system7_vip_v1_0_6_re...
Compiling module processing_system7_vip_v1_0_6.processing_system7_vip_v1_0_6_re...
Compiling module xilinx_vip.axi_vip_axi4pc(WDATA_WIDTH=32,RD...
Compiling module xilinx_vip.cb
Compiling module xilinx_vip.axi_vip_if(C_AXI_PROTOCOL=1,C_AX...
Compiling module axi_vip_v1_1_4.axi_vip_v1_1_4_top(C_AXI_PROTOCO...
Compiling module processing_system7_vip_v1_0_6.processing_system7_vip_v1_0_6_ax...
Compiling module processing_system7_vip_v1_0_6.processing_system7_vip_v1_0_6_ax...
Compiling module xilinx_vip.axi_vip_axi4pc(WDATA_WIDTH=32,RD...
Compiling module xilinx_vip.cb
Compiling module xilinx_vip.axi_vip_if(C_AXI_PROTOCOL=1,C_AX...
Compiling module axi_vip_v1_1_4.axi_vip_v1_1_4_top(C_AXI_PROTOCO...
Compiling module processing_system7_vip_v1_0_6.processing_system7_vip_v1_0_6_ax...
Compiling module processing_system7_vip_v1_0_6.processing_system7_vip_v1_0_6_ax...
Compiling module xilinx_vip.axi_vip_axi4pc(PROTOCOL=1,RID_WI...
Compiling module xilinx_vip.cb
Compiling module xilinx_vip.axi_vip_if(C_AXI_PROTOCOL=1,C_AX...
Compiling module axi_vip_v1_1_4.axi_vip_v1_1_4_top(C_AXI_PROTOCO...
Compiling module processing_system7_vip_v1_0_6.processing_system7_vip_v1_0_6_in...
Compiling module processing_system7_vip_v1_0_6.processing_system7_vip_v1_0_6_af...
Compiling module processing_system7_vip_v1_0_6.processing_system7_vip_v1_0_6_af...
Compiling module processing_system7_vip_v1_0_6.processing_system7_vip_v1_0_6_af...
Compiling module processing_system7_vip_v1_0_6.processing_system7_vip_v1_0_6_af...
Compiling module xilinx_vip.axi_vip_axi4pc(PROTOCOL=1,RID_WI...
Compiling module xilinx_vip.cb
Compiling module xilinx_vip.axi_vip_if(C_AXI_PROTOCOL=1,C_AX...
Compiling module axi_vip_v1_1_4.axi_vip_v1_1_4_top(C_AXI_PROTOCO...
Compiling module processing_system7_vip_v1_0_6.processing_system7_vip_v1_0_6_ax...
Compiling module processing_system7_vip_v1_0_6.processing_system7_vip_v1_0_6(C_...
Compiling module xil_defaultlib.BlockDesign_processing_system7_0...
Compiling module axi_infrastructure_v1_1_0.axi_infrastructure_v1_1_0_axi2ve...
Compiling module axi_register_slice_v2_1_18.axi_register_slice_v2_1_18_axic_...
Compiling module axi_register_slice_v2_1_18.axi_register_slice_v2_1_18_axic_...
Compiling module axi_register_slice_v2_1_18.axi_register_slice_v2_1_18_axic_...
Compiling module axi_register_slice_v2_1_18.axi_register_slice_v2_1_18_axic_...
Compiling module axi_infrastructure_v1_1_0.axi_infrastructure_v1_1_0_vector...
Compiling module axi_register_slice_v2_1_18.axi_register_slice_v2_1_18_axi_r...
Compiling module axi_protocol_converter_v2_1_18.axi_protocol_converter_v2_1_18_b...
Compiling module axi_protocol_converter_v2_1_18.axi_protocol_converter_v2_1_18_b...
Compiling module axi_protocol_converter_v2_1_18.axi_protocol_converter_v2_1_18_b...
Compiling module axi_protocol_converter_v2_1_18.axi_protocol_converter_v2_1_18_b...
Compiling module axi_protocol_converter_v2_1_18.axi_protocol_converter_v2_1_18_b...
Compiling module axi_protocol_converter_v2_1_18.axi_protocol_converter_v2_1_18_b...
Compiling module axi_protocol_converter_v2_1_18.axi_protocol_converter_v2_1_18_b...
Compiling module axi_protocol_converter_v2_1_18.axi_protocol_converter_v2_1_18_b...
Compiling module axi_protocol_converter_v2_1_18.axi_protocol_converter_v2_1_18_b...
Compiling module axi_protocol_converter_v2_1_18.axi_protocol_converter_v2_1_18_b...
Compiling module axi_protocol_converter_v2_1_18.axi_protocol_converter_v2_1_18_b...
Compiling module axi_protocol_converter_v2_1_18.axi_protocol_converter_v2_1_18_b...
Compiling module axi_protocol_converter_v2_1_18.axi_protocol_converter_v2_1_18_b...
Compiling module axi_infrastructure_v1_1_0.axi_infrastructure_v1_1_0_axi2ve...
Compiling module axi_register_slice_v2_1_18.axi_register_slice_v2_1_18_axic_...
Compiling module axi_register_slice_v2_1_18.axi_register_slice_v2_1_18_axic_...
Compiling module axi_register_slice_v2_1_18.axi_register_slice_v2_1_18_axic_...
Compiling module axi_register_slice_v2_1_18.axi_register_slice_v2_1_18_axic_...
Compiling module axi_infrastructure_v1_1_0.axi_infrastructure_v1_1_0_vector...
Compiling module axi_register_slice_v2_1_18.axi_register_slice_v2_1_18_axi_r...
Compiling module axi_protocol_converter_v2_1_18.axi_protocol_converter_v2_1_18_b...
Compiling module axi_protocol_converter_v2_1_18.axi_protocol_converter_v2_1_18_a...
Compiling module xil_defaultlib.BlockDesign_auto_pc_0
Compiling package xilinx_vip.axi_vip_pkg
Compiling package xilinx_vip.xil_common_vip_pkg
Compiling package std.std
Compiling architecture structure of entity xil_defaultlib.s00_couplers_imp_1IZL5T7 [s00_couplers_imp_1izl5t7_default]
Compiling architecture structure of entity xil_defaultlib.BlockDesign_ps7_0_axi_periph_0 [blockdesign_ps7_0_axi_periph_0_d...]
Compiling architecture fdre_v of entity unisim.FDRE [fdre_default]
Compiling architecture fdre_v of entity unisim.FDRE [\FDRE(init='1')\]
Compiling architecture fdr_v of entity unisim.FDR [fdr_default]
Compiling architecture implementation of entity lib_cdc_v1_0_2.cdc_sync [\cdc_sync(c_vector_width=2,c_mtb...]
Compiling architecture srl16e_v of entity unisim.SRL16E [\SRL16E(init="1111111111111111")...]
Compiling architecture srl16_v of entity unisim.SRL16 [\SRL16(init="1111111111111111")(...]
Compiling architecture imp of entity proc_sys_reset_v5_0_13.lpf [\lpf(c_ext_rst_width=4,c_aux_rst...]
Compiling architecture imp of entity proc_sys_reset_v5_0_13.upcnt_n [\upcnt_n(c_size=6)\]
Compiling architecture imp of entity proc_sys_reset_v5_0_13.sequence_psr [sequence_psr_default]
Compiling architecture imp of entity proc_sys_reset_v5_0_13.proc_sys_reset [\proc_sys_reset(c_family="zynq",...]
Compiling architecture blockdesign_rst_ps7_0_48m_0_arch of entity xil_defaultlib.BlockDesign_rst_ps7_0_48M_0 [blockdesign_rst_ps7_0_48m_0_defa...]
Compiling architecture structure of entity xil_defaultlib.BlockDesign [blockdesign_default]
Compiling architecture structure of entity xil_defaultlib.blockdesign_wrapper
Built simulation snapshot BlockDesign_wrapper_behav
