INFO: [VRFC 10-163] Analyzing VHDL file "C:/VivadoProjects/ZynqQPSK_System/ZynqQPSK_System.srcs/sources_1/bd/BlockDesign/ip/BlockDesign_QPSKBlockIP_0_0/src/fifo_gen/hdl/fifo_generator_v13_2_rfs.vhd" into library fifo_generator_v13_2_3
INFO: [VRFC 10-3107] analyzing entity 'input_blk'
INFO: [VRFC 10-3107] analyzing entity 'output_blk'
INFO: [VRFC 10-3107] analyzing entity 'shft_wrapper'
INFO: [VRFC 10-3107] analyzing entity 'shft_ram'
INFO: [VRFC 10-3107] analyzing entity 'wr_pf_as'
INFO: [VRFC 10-3107] analyzing entity 'wr_pf_ss'
INFO: [VRFC 10-3107] analyzing entity 'rd_pe_as'
INFO: [VRFC 10-3107] analyzing entity 'rd_pe_ss'
INFO: [VRFC 10-3107] analyzing entity 'synchronizer_ff'
INFO: [VRFC 10-3107] analyzing entity 'delay'
INFO: [VRFC 10-3107] analyzing entity 'bin_cntr'
INFO: [VRFC 10-3107] analyzing entity 'clk_x_pntrs_builtin'
INFO: [VRFC 10-3107] analyzing entity 'logic_builtin'
INFO: [VRFC 10-3107] analyzing entity 'builtin_prim'
INFO: [VRFC 10-3107] analyzing entity 'builtin_extdepth'
INFO: [VRFC 10-3107] analyzing entity 'builtin_top'
INFO: [VRFC 10-3107] analyzing entity 'reset_builtin'
INFO: [VRFC 10-3107] analyzing entity 'builtin_prim_v6'
INFO: [VRFC 10-3107] analyzing entity 'builtin_extdepth_v6'
INFO: [VRFC 10-3107] analyzing entity 'builtin_extdepth_low_latency'
INFO: [VRFC 10-3107] analyzing entity 'builtin_top_v6'
INFO: [VRFC 10-3107] analyzing entity 'fifo_generator_v13_2_3_builtin'
INFO: [VRFC 10-3107] analyzing entity 'bram_sync_reg'
INFO: [VRFC 10-3107] analyzing entity 'bram_fifo_rstlogic'
INFO: [VRFC 10-3107] analyzing entity 'reset_blk_ramfifo'
INFO: [VRFC 10-3107] analyzing entity 'axi_reg_slice'
INFO: [VRFC 10-3107] analyzing entity 'fifo_generator_top'
INFO: [VRFC 10-3107] analyzing entity 'fifo_generator_v13_2_3_synth'
INFO: [VRFC 10-163] Analyzing VHDL file "C:/VivadoProjects/ZynqQPSK_System/ZynqQPSK_System.ip_user_files/bd/BlockDesign/ipshared/9b07/src/QPSK.vhd" into library xil_defaultlib
INFO: [VRFC 10-3107] analyzing entity 'QPSK'
INFO: [VRFC 10-163] Analyzing VHDL file "C:/VivadoProjects/ZynqQPSK_System/ZynqQPSK_System.ip_user_files/bd/BlockDesign/ipshared/9b07/hdl/QPSKBlockIP_v1_0_S01_AXI.vhd" into library xil_defaultlib
INFO: [VRFC 10-3107] analyzing entity 'QPSKBlockIP_v1_0_S01_AXI'
INFO: [VRFC 10-163] Analyzing VHDL file "C:/VivadoProjects/ZynqQPSK_System/ZynqQPSK_System.ip_user_files/bd/BlockDesign/ipshared/9b07/src/control.vhd" into library xil_defaultlib
INFO: [VRFC 10-3107] analyzing entity 'control'
INFO: [VRFC 10-163] Analyzing VHDL file "C:/VivadoProjects/ZynqQPSK_System/ZynqQPSK_System.ip_user_files/bd/BlockDesign/ipshared/9b07/hdl/QPSKBlockIP_v1_0.vhd" into library xil_defaultlib
INFO: [VRFC 10-3107] analyzing entity 'QPSKBlockIP_v1_0'
INFO: [VRFC 10-163] Analyzing VHDL file "C:/VivadoProjects/ZynqQPSK_System/ZynqQPSK_System.ip_user_files/bd/BlockDesign/ip/BlockDesign_QPSKBlockIP_0_0/sim/BlockDesign_QPSKBlockIP_0_0.vhd" into library xil_defaultlib
INFO: [VRFC 10-3107] analyzing entity 'BlockDesign_QPSKBlockIP_0_0'
INFO: [VRFC 10-163] Analyzing VHDL file "C:/VivadoProjects/ZynqQPSK_System/ZynqQPSK_System.ip_user_files/bd/BlockDesign/ipshared/8743/src/i3c2.vhd" into library xil_defaultlib
INFO: [VRFC 10-3107] analyzing entity 'i3c2'
INFO: [VRFC 10-163] Analyzing VHDL file "C:/VivadoProjects/ZynqQPSK_System/ZynqQPSK_System.ip_user_files/bd/BlockDesign/ipshared/8743/src/adau1761_configuraiton_data.vhd" into library xil_defaultlib
INFO: [VRFC 10-3107] analyzing entity 'adau1761_configuraiton_data'
INFO: [VRFC 10-163] Analyzing VHDL file "C:/VivadoProjects/ZynqQPSK_System/ZynqQPSK_System.ip_user_files/bd/BlockDesign/ipshared/8743/src/i2s_data_interface.vhd" into library xil_defaultlib
INFO: [VRFC 10-3107] analyzing entity 'i2s_data_interface'
INFO: [VRFC 10-163] Analyzing VHDL file "C:/VivadoProjects/ZynqQPSK_System/ZynqQPSK_System.ip_user_files/bd/BlockDesign/ipshared/8743/src/i2c.vhd" into library xil_defaultlib
INFO: [VRFC 10-3107] analyzing entity 'i2c'
INFO: [VRFC 10-163] Analyzing VHDL file "C:/VivadoProjects/ZynqQPSK_System/ZynqQPSK_System.ip_user_files/bd/BlockDesign/ipshared/8743/src/ADAU1761_interface.vhd" into library xil_defaultlib
INFO: [VRFC 10-3107] analyzing entity 'ADAU1761_interface'
INFO: [VRFC 10-163] Analyzing VHDL file "C:/VivadoProjects/ZynqQPSK_System/ZynqQPSK_System.ip_user_files/bd/BlockDesign/ipshared/8743/src/adau1761_izedboard.vhd" into library xil_defaultlib
INFO: [VRFC 10-3107] analyzing entity 'adau1761_izedboard'
INFO: [VRFC 10-163] Analyzing VHDL file "C:/VivadoProjects/ZynqQPSK_System/ZynqQPSK_System.ip_user_files/bd/BlockDesign/ipshared/8743/src/qpsk_egokitu.vhd" into library xil_defaultlib
INFO: [VRFC 10-3107] analyzing entity 'qpsk_egokitu'
INFO: [VRFC 10-163] Analyzing VHDL file "C:/VivadoProjects/ZynqQPSK_System/ZynqQPSK_System.ip_user_files/bd/BlockDesign/ipshared/8743/src/adau1761_test.vhd" into library xil_defaultlib
INFO: [VRFC 10-3107] analyzing entity 'adau1761_test'
INFO: [VRFC 10-163] Analyzing VHDL file "C:/VivadoProjects/ZynqQPSK_System/ZynqQPSK_System.ip_user_files/bd/BlockDesign/ip/BlockDesign_HamsterB_0_0/sim/BlockDesign_HamsterB_0_0.vhd" into library xil_defaultlib
INFO: [VRFC 10-3107] analyzing entity 'BlockDesign_HamsterB_0_0'
INFO: [VRFC 10-163] Analyzing VHDL file "C:/VivadoProjects/ZynqQPSK_System/ZynqQPSK_System.ip_user_files/bd/BlockDesign/ip/BlockDesign_rst_ps7_0_48M_0/sim/BlockDesign_rst_ps7_0_48M_0.vhd" into library xil_defaultlib
INFO: [VRFC 10-3107] analyzing entity 'BlockDesign_rst_ps7_0_48M_0'
INFO: [VRFC 10-163] Analyzing VHDL file "C:/VivadoProjects/ZynqQPSK_System/ZynqQPSK_System.ip_user_files/bd/BlockDesign/sim/BlockDesign.vhd" into library xil_defaultlib
INFO: [VRFC 10-3107] analyzing entity 's00_couplers_imp_1IZL5T7'
INFO: [VRFC 10-3107] analyzing entity 'BlockDesign_ps7_0_axi_periph_0'
INFO: [VRFC 10-3107] analyzing entity 'BlockDesign'
INFO: [VRFC 10-163] Analyzing VHDL file "C:/VivadoProjects/ZynqQPSK_System/ZynqQPSK_System.srcs/sources_1/bd/BlockDesign/hdl/BlockDesign_wrapper.vhd" into library xil_defaultlib
INFO: [VRFC 10-3107] analyzing entity 'BlockDesign_wrapper'
