#-----------------------------------------------------------
# Vivado v2018.3 (64-bit)
# SW Build 2405991 on Thu Dec  6 23:38:27 MST 2018
# IP Build 2404404 on Fri Dec  7 01:43:56 MST 2018
# Start of session at: Wed Apr 27 13:27:20 2022
# Process ID: 7140
# Current directory: C:/Users/usuario/Desktop/Masterra/I. Urtea/2. Lahuliekoa/Zirkuitu Digitalen Laborategia/Laborategia/project_hamster
# Command line: vivado.exe -gui_launcher_event rodinguilauncherevent5864 C:\Users\usuario\Desktop\Masterra\I. Urtea\2. Lahuliekoa\Zirkuitu Digitalen Laborategia\Laborategia\project_hamster\project_hamster.xpr
# Log file: C:/Users/usuario/Desktop/Masterra/I. Urtea/2. Lahuliekoa/Zirkuitu Digitalen Laborategia/Laborategia/project_hamster/vivado.log
# Journal file: C:/Users/usuario/Desktop/Masterra/I. Urtea/2. Lahuliekoa/Zirkuitu Digitalen Laborategia/Laborategia/project_hamster\vivado.jou
#-----------------------------------------------------------
start_gui
open_project {C:/Users/usuario/Desktop/Masterra/I. Urtea/2. Lahuliekoa/Zirkuitu Digitalen Laborategia/Laborategia/project_hamster/project_hamster.xpr}
INFO: [ProjectBase 1-489] The host OS only allows 260 characters in a normal path. The project is stored in a path with more than 80 characters. If you experience issues with IP, Block Designs, or files not being found, please consider moving the project to a location with a shorter path. Alternately consider using the OS subst command to map part of the path to a drive letter.
Current project path is 'C:/Users/usuario/Desktop/Masterra/I. Urtea/2. Lahuliekoa/Zirkuitu Digitalen Laborategia/Laborategia/project_hamster'
Scanning sources...
Finished scanning sources
INFO: [IP_Flow 19-234] Refreshing IP repositories
INFO: [IP_Flow 19-1704] No user IP repositories specified
INFO: [IP_Flow 19-2313] Loaded Vivado IP repository 'C:/Xilinx/Vivado/2018.3/data/ip'.
open_project: Time (s): cpu = 00:00:18 ; elapsed = 00:00:08 . Memory (MB): peak = 757.254 ; gain = 113.266
open_run synth_1 -name synth_1
Design is defaulting to impl run constrset: constrs_1
Design is defaulting to synth run part: xc7z020clg484-3
INFO: [Netlist 29-17] Analyzing 6 Unisim elements for replacement
INFO: [Netlist 29-28] Unisim Transformation completed in 0 CPU seconds
INFO: [Project 1-479] Netlist was created with Vivado 2018.3
INFO: [Device 21-403] Loading part xc7z020clg484-3
INFO: [Project 1-570] Preparing netlist for logic optimization
Parsing XDC File [C:/Users/usuario/Desktop/Masterra/I. Urtea/2. Lahuliekoa/Zirkuitu Digitalen Laborategia/Laborategia/project_hamster/project_hamster.srcs/constrs_1/imports/dsp_base_project/hamset_ioplanning/hamset_ioplanning.srcs/constrs_1/new/hamster_constraints.xdc]
CRITICAL WARNING: [Common 17-69] Command failed: Cannot change direction of connected port 'AC_ADR0' [C:/Users/usuario/Desktop/Masterra/I. Urtea/2. Lahuliekoa/Zirkuitu Digitalen Laborategia/Laborategia/project_hamster/project_hamster.srcs/constrs_1/imports/dsp_base_project/hamset_ioplanning/hamset_ioplanning.srcs/constrs_1/new/hamster_constraints.xdc:1]
CRITICAL WARNING: [Common 17-69] Command failed: Cannot change direction of connected port 'AC_ADR1' [C:/Users/usuario/Desktop/Masterra/I. Urtea/2. Lahuliekoa/Zirkuitu Digitalen Laborategia/Laborategia/project_hamster/project_hamster.srcs/constrs_1/imports/dsp_base_project/hamset_ioplanning/hamset_ioplanning.srcs/constrs_1/new/hamster_constraints.xdc:2]
CRITICAL WARNING: [Common 17-69] Command failed: Cannot change direction of connected port 'AC_GPIO0' [C:/Users/usuario/Desktop/Masterra/I. Urtea/2. Lahuliekoa/Zirkuitu Digitalen Laborategia/Laborategia/project_hamster/project_hamster.srcs/constrs_1/imports/dsp_base_project/hamset_ioplanning/hamset_ioplanning.srcs/constrs_1/new/hamster_constraints.xdc:3]
CRITICAL WARNING: [Common 17-69] Command failed: Cannot change direction of connected port 'AC_GPIO2' [C:/Users/usuario/Desktop/Masterra/I. Urtea/2. Lahuliekoa/Zirkuitu Digitalen Laborategia/Laborategia/project_hamster/project_hamster.srcs/constrs_1/imports/dsp_base_project/hamset_ioplanning/hamset_ioplanning.srcs/constrs_1/new/hamster_constraints.xdc:5]
CRITICAL WARNING: [Common 17-69] Command failed: Cannot change direction of connected port 'AC_GPIO3' [C:/Users/usuario/Desktop/Masterra/I. Urtea/2. Lahuliekoa/Zirkuitu Digitalen Laborategia/Laborategia/project_hamster/project_hamster.srcs/constrs_1/imports/dsp_base_project/hamset_ioplanning/hamset_ioplanning.srcs/constrs_1/new/hamster_constraints.xdc:6]
CRITICAL WARNING: [Common 17-69] Command failed: Cannot change direction of connected port 'AC_MCLK' [C:/Users/usuario/Desktop/Masterra/I. Urtea/2. Lahuliekoa/Zirkuitu Digitalen Laborategia/Laborategia/project_hamster/project_hamster.srcs/constrs_1/imports/dsp_base_project/hamset_ioplanning/hamset_ioplanning.srcs/constrs_1/new/hamster_constraints.xdc:7]
CRITICAL WARNING: [Common 17-69] Command failed: Cannot change direction of connected port 'AC_SCK' [C:/Users/usuario/Desktop/Masterra/I. Urtea/2. Lahuliekoa/Zirkuitu Digitalen Laborategia/Laborategia/project_hamster/project_hamster.srcs/constrs_1/imports/dsp_base_project/hamset_ioplanning/hamset_ioplanning.srcs/constrs_1/new/hamster_constraints.xdc:8]
CRITICAL WARNING: [Common 17-69] Command failed: Cannot change direction of connected port 'AC_SDA' [C:/Users/usuario/Desktop/Masterra/I. Urtea/2. Lahuliekoa/Zirkuitu Digitalen Laborategia/Laborategia/project_hamster/project_hamster.srcs/constrs_1/imports/dsp_base_project/hamset_ioplanning/hamset_ioplanning.srcs/constrs_1/new/hamster_constraints.xdc:9]
WARNING: [Vivado 12-584] No ports matched 'clk_100'. [C:/Users/usuario/Desktop/Masterra/I. Urtea/2. Lahuliekoa/Zirkuitu Digitalen Laborategia/Laborategia/project_hamster/project_hamster.srcs/constrs_1/imports/dsp_base_project/hamset_ioplanning/hamset_ioplanning.srcs/constrs_1/new/hamster_constraints.xdc:10]
CRITICAL WARNING: [Common 17-55] 'set_property' expects at least one object. [C:/Users/usuario/Desktop/Masterra/I. Urtea/2. Lahuliekoa/Zirkuitu Digitalen Laborategia/Laborategia/project_hamster/project_hamster.srcs/constrs_1/imports/dsp_base_project/hamset_ioplanning/hamset_ioplanning.srcs/constrs_1/new/hamster_constraints.xdc:10]
Resolution: If [get_<value>] was used to populate the object, check to make sure this command returns at least one valid object.
CRITICAL WARNING: [Common 17-69] Command failed: Cannot change direction of connected port 'sw[0]' [C:/Users/usuario/Desktop/Masterra/I. Urtea/2. Lahuliekoa/Zirkuitu Digitalen Laborategia/Laborategia/project_hamster/project_hamster.srcs/constrs_1/imports/dsp_base_project/hamset_ioplanning/hamset_ioplanning.srcs/constrs_1/new/hamster_constraints.xdc:11]
CRITICAL WARNING: [Common 17-69] Command failed: Cannot change direction of connected port 'sw[1]' [C:/Users/usuario/Desktop/Masterra/I. Urtea/2. Lahuliekoa/Zirkuitu Digitalen Laborategia/Laborategia/project_hamster/project_hamster.srcs/constrs_1/imports/dsp_base_project/hamset_ioplanning/hamset_ioplanning.srcs/constrs_1/new/hamster_constraints.xdc:12]
WARNING: [Vivado 12-584] No ports matched 'clk_100'. [C:/Users/usuario/Desktop/Masterra/I. Urtea/2. Lahuliekoa/Zirkuitu Digitalen Laborategia/Laborategia/project_hamster/project_hamster.srcs/constrs_1/imports/dsp_base_project/hamset_ioplanning/hamset_ioplanning.srcs/constrs_1/new/hamster_constraints.xdc:13]
CRITICAL WARNING: [Common 17-55] 'set_property' expects at least one object. [C:/Users/usuario/Desktop/Masterra/I. Urtea/2. Lahuliekoa/Zirkuitu Digitalen Laborategia/Laborategia/project_hamster/project_hamster.srcs/constrs_1/imports/dsp_base_project/hamset_ioplanning/hamset_ioplanning.srcs/constrs_1/new/hamster_constraints.xdc:13]
Resolution: If [get_<value>] was used to populate the object, check to make sure this command returns at least one valid object.
WARNING: [Vivado 12-584] No ports matched 'clk_100'. [C:/Users/usuario/Desktop/Masterra/I. Urtea/2. Lahuliekoa/Zirkuitu Digitalen Laborategia/Laborategia/project_hamster/project_hamster.srcs/constrs_1/imports/dsp_base_project/hamset_ioplanning/hamset_ioplanning.srcs/constrs_1/new/hamster_constraints.xdc:40]
CRITICAL WARNING: [Vivado 12-4739] create_clock:No valid object(s) found for '-objects [get_ports clk_100]'. [C:/Users/usuario/Desktop/Masterra/I. Urtea/2. Lahuliekoa/Zirkuitu Digitalen Laborategia/Laborategia/project_hamster/project_hamster.srcs/constrs_1/imports/dsp_base_project/hamset_ioplanning/hamset_ioplanning.srcs/constrs_1/new/hamster_constraints.xdc:40]
Resolution: Check if the specified object(s) exists in the current design. If it does, ensure that the correct design hierarchy was specified for the object. If you are working with clocks, make sure create_clock was used to create the clock object before it is referenced.
Finished Parsing XDC File [C:/Users/usuario/Desktop/Masterra/I. Urtea/2. Lahuliekoa/Zirkuitu Digitalen Laborategia/Laborategia/project_hamster/project_hamster.srcs/constrs_1/imports/dsp_base_project/hamset_ioplanning/hamset_ioplanning.srcs/constrs_1/new/hamster_constraints.xdc]
INFO: [Opt 31-138] Pushed 0 inverter(s) to 0 load pin(s).
Netlist sorting complete. Time (s): cpu = 00:00:00 ; elapsed = 00:00:00 . Memory (MB): peak = 1078.102 ; gain = 0.000
INFO: [Project 1-111] Unisim Transformation Summary:
  A total of 1 instances were transformed.
  IOBUF => IOBUF (IBUF, OBUFT): 1 instances

open_run: Time (s): cpu = 00:00:17 ; elapsed = 00:00:11 . Memory (MB): peak = 1247.656 ; gain = 444.898
close_design
create_ip_run [get_files -of_objects [get_fileset sources_1] {{C:/Users/usuario/Desktop/Masterra/I. Urtea/2. Lahuliekoa/Zirkuitu Digitalen Laborategia/Laborategia/project_hamster/project_hamster.srcs/sources_1/bd/design_1/design_1.bd}}]
synth_design -rtl -name rtl_1
Command: synth_design -rtl -name rtl_1
Starting synth_design
Using part: xc7z020clg484-3
Top: adau1761_test
---------------------------------------------------------------------------------
Starting RTL Elaboration : Time (s): cpu = 00:00:03 ; elapsed = 00:00:02 . Memory (MB): peak = 1727.980 ; gain = 0.000
---------------------------------------------------------------------------------
INFO: [Synth 8-638] synthesizing module 'adau1761_test' [C:/Users/usuario/Desktop/Masterra/I. Urtea/2. Lahuliekoa/Zirkuitu Digitalen Laborategia/Laborategia/project_hamster/project_hamster.srcs/sources_1/imports/dsp_base_project/adau1761_test.vhd:32]
WARNING: [Synth 8-5640] Port 'line_in_l' is missing in component declaration [C:/Users/usuario/Desktop/Masterra/I. Urtea/2. Lahuliekoa/Zirkuitu Digitalen Laborategia/Laborategia/project_hamster/project_hamster.srcs/sources_1/imports/dsp_base_project/adau1761_test.vhd:59]
WARNING: [Synth 8-5640] Port 'line_in_r' is missing in component declaration [C:/Users/usuario/Desktop/Masterra/I. Urtea/2. Lahuliekoa/Zirkuitu Digitalen Laborategia/Laborategia/project_hamster/project_hamster.srcs/sources_1/imports/dsp_base_project/adau1761_test.vhd:59]
INFO: [Synth 8-3491] module 'adau1761_izedboard' declared at 'C:/Users/usuario/Desktop/Masterra/I. Urtea/2. Lahuliekoa/Zirkuitu Digitalen Laborategia/Laborategia/project_hamster/project_hamster.srcs/sources_1/imports/dsp_base_project/adau1761_izedboard.vhd:26' bound to instance 'Inst_adau1761_izedboard' of component 'adau1761_izedboard' [C:/Users/usuario/Desktop/Masterra/I. Urtea/2. Lahuliekoa/Zirkuitu Digitalen Laborategia/Laborategia/project_hamster/project_hamster.srcs/sources_1/imports/dsp_base_project/adau1761_test.vhd:153]
INFO: [Synth 8-638] synthesizing module 'adau1761_izedboard' [C:/Users/usuario/Desktop/Masterra/I. Urtea/2. Lahuliekoa/Zirkuitu Digitalen Laborategia/Laborategia/project_hamster/project_hamster.srcs/sources_1/imports/dsp_base_project/adau1761_izedboard.vhd:47]
	Parameter DRIVE bound to: 12 - type: integer 
	Parameter IBUF_LOW_PWR bound to: 1 - type: bool 
	Parameter IOSTANDARD bound to: DEFAULT - type: string 
	Parameter SLEW bound to: SLOW - type: string 
INFO: [Synth 8-113] binding component instance 'i_i2s_sda_obuf' to cell 'IOBUF' [C:/Users/usuario/Desktop/Masterra/I. Urtea/2. Lahuliekoa/Zirkuitu Digitalen Laborategia/Laborategia/project_hamster/project_hamster.srcs/sources_1/imports/dsp_base_project/adau1761_izedboard.vhd:132]
INFO: [Synth 8-3491] module 'i2c' declared at 'C:/Users/usuario/Desktop/Masterra/I. Urtea/2. Lahuliekoa/Zirkuitu Digitalen Laborategia/Laborategia/project_hamster/project_hamster.srcs/sources_1/imports/dsp_base_project/i2c.vhd:9' bound to instance 'Inst_i2c' of component 'i2c' [C:/Users/usuario/Desktop/Masterra/I. Urtea/2. Lahuliekoa/Zirkuitu Digitalen Laborategia/Laborategia/project_hamster/project_hamster.srcs/sources_1/imports/dsp_base_project/adau1761_izedboard.vhd:140]
INFO: [Synth 8-638] synthesizing module 'i2c' [C:/Users/usuario/Desktop/Masterra/I. Urtea/2. Lahuliekoa/Zirkuitu Digitalen Laborategia/Laborategia/project_hamster/project_hamster.srcs/sources_1/imports/dsp_base_project/i2c.vhd:19]
INFO: [Synth 8-3491] module 'adau1761_configuraiton_data' declared at 'C:/Users/usuario/Desktop/Masterra/I. Urtea/2. Lahuliekoa/Zirkuitu Digitalen Laborategia/Laborategia/project_hamster/project_hamster.srcs/sources_1/imports/dsp_base_project/adau1761_configuraiton_data.vhd:13' bound to instance 'Inst_adau1761_configuraiton_data' of component 'adau1761_configuraiton_data' [C:/Users/usuario/Desktop/Masterra/I. Urtea/2. Lahuliekoa/Zirkuitu Digitalen Laborategia/Laborategia/project_hamster/project_hamster.srcs/sources_1/imports/dsp_base_project/i2c.vhd:56]
INFO: [Synth 8-638] synthesizing module 'adau1761_configuraiton_data' [C:/Users/usuario/Desktop/Masterra/I. Urtea/2. Lahuliekoa/Zirkuitu Digitalen Laborategia/Laborategia/project_hamster/project_hamster.srcs/sources_1/imports/dsp_base_project/adau1761_configuraiton_data.vhd:19]
INFO: [Synth 8-256] done synthesizing module 'adau1761_configuraiton_data' (1#1) [C:/Users/usuario/Desktop/Masterra/I. Urtea/2. Lahuliekoa/Zirkuitu Digitalen Laborategia/Laborategia/project_hamster/project_hamster.srcs/sources_1/imports/dsp_base_project/adau1761_configuraiton_data.vhd:19]
	Parameter clk_divide bound to: 8'b01111000 
INFO: [Synth 8-3491] module 'i3c2' declared at 'C:/Users/usuario/Desktop/Masterra/I. Urtea/2. Lahuliekoa/Zirkuitu Digitalen Laborategia/Laborategia/project_hamster/project_hamster.srcs/sources_1/imports/dsp_base_project/i3c2.vhd:18' bound to instance 'Inst_i3c2' of component 'i3c2' [C:/Users/usuario/Desktop/Masterra/I. Urtea/2. Lahuliekoa/Zirkuitu Digitalen Laborategia/Laborategia/project_hamster/project_hamster.srcs/sources_1/imports/dsp_base_project/i2c.vhd:62]
INFO: [Synth 8-638] synthesizing module 'i3c2' [C:/Users/usuario/Desktop/Masterra/I. Urtea/2. Lahuliekoa/Zirkuitu Digitalen Laborategia/Laborategia/project_hamster/project_hamster.srcs/sources_1/imports/dsp_base_project/i3c2.vhd:38]
	Parameter clk_divide bound to: 8'b01111000 
INFO: [Synth 8-256] done synthesizing module 'i3c2' (2#1) [C:/Users/usuario/Desktop/Masterra/I. Urtea/2. Lahuliekoa/Zirkuitu Digitalen Laborategia/Laborategia/project_hamster/project_hamster.srcs/sources_1/imports/dsp_base_project/i3c2.vhd:38]
INFO: [Synth 8-256] done synthesizing module 'i2c' (3#1) [C:/Users/usuario/Desktop/Masterra/I. Urtea/2. Lahuliekoa/Zirkuitu Digitalen Laborategia/Laborategia/project_hamster/project_hamster.srcs/sources_1/imports/dsp_base_project/i2c.vhd:19]
INFO: [Synth 8-3491] module 'ADAU1761_interface' declared at 'C:/Users/usuario/Desktop/Masterra/I. Urtea/2. Lahuliekoa/Zirkuitu Digitalen Laborategia/Laborategia/project_hamster/project_hamster.srcs/sources_1/imports/dsp_base_project/ADAU1761_interface.vhd:11' bound to instance 'i_ADAU1761_interface' of component 'ADAU1761_interface' [C:/Users/usuario/Desktop/Masterra/I. Urtea/2. Lahuliekoa/Zirkuitu Digitalen Laborategia/Laborategia/project_hamster/project_hamster.srcs/sources_1/imports/dsp_base_project/adau1761_izedboard.vhd:150]
INFO: [Synth 8-638] synthesizing module 'ADAU1761_interface' [C:/Users/usuario/Desktop/Masterra/I. Urtea/2. Lahuliekoa/Zirkuitu Digitalen Laborategia/Laborategia/project_hamster/project_hamster.srcs/sources_1/imports/dsp_base_project/ADAU1761_interface.vhd:16]
INFO: [Synth 8-256] done synthesizing module 'ADAU1761_interface' (4#1) [C:/Users/usuario/Desktop/Masterra/I. Urtea/2. Lahuliekoa/Zirkuitu Digitalen Laborategia/Laborategia/project_hamster/project_hamster.srcs/sources_1/imports/dsp_base_project/ADAU1761_interface.vhd:16]
INFO: [Synth 8-3491] module 'i2s_data_interface' declared at 'C:/Users/usuario/Desktop/Masterra/I. Urtea/2. Lahuliekoa/Zirkuitu Digitalen Laborategia/Laborategia/project_hamster/project_hamster.srcs/sources_1/imports/dsp_base_project/i2s_data_interface.vhd:13' bound to instance 'Inst_i2s_data_interface' of component 'i2s_data_interface' [C:/Users/usuario/Desktop/Masterra/I. Urtea/2. Lahuliekoa/Zirkuitu Digitalen Laborategia/Laborategia/project_hamster/project_hamster.srcs/sources_1/imports/dsp_base_project/adau1761_izedboard.vhd:155]
INFO: [Synth 8-638] synthesizing module 'i2s_data_interface' [C:/Users/usuario/Desktop/Masterra/I. Urtea/2. Lahuliekoa/Zirkuitu Digitalen Laborategia/Laborategia/project_hamster/project_hamster.srcs/sources_1/imports/dsp_base_project/i2s_data_interface.vhd:26]
INFO: [Synth 8-256] done synthesizing module 'i2s_data_interface' (5#1) [C:/Users/usuario/Desktop/Masterra/I. Urtea/2. Lahuliekoa/Zirkuitu Digitalen Laborategia/Laborategia/project_hamster/project_hamster.srcs/sources_1/imports/dsp_base_project/i2s_data_interface.vhd:26]
INFO: [Synth 8-256] done synthesizing module 'adau1761_izedboard' (6#1) [C:/Users/usuario/Desktop/Masterra/I. Urtea/2. Lahuliekoa/Zirkuitu Digitalen Laborategia/Laborategia/project_hamster/project_hamster.srcs/sources_1/imports/dsp_base_project/adau1761_izedboard.vhd:47]
WARNING: [Synth 8-6014] Unused sequential element sw_synced_reg was removed.  [C:/Users/usuario/Desktop/Masterra/I. Urtea/2. Lahuliekoa/Zirkuitu Digitalen Laborategia/Laborategia/project_hamster/project_hamster.srcs/sources_1/imports/dsp_base_project/adau1761_test.vhd:118]
INFO: [Synth 8-256] done synthesizing module 'adau1761_test' (7#1) [C:/Users/usuario/Desktop/Masterra/I. Urtea/2. Lahuliekoa/Zirkuitu Digitalen Laborategia/Laborategia/project_hamster/project_hamster.srcs/sources_1/imports/dsp_base_project/adau1761_test.vhd:32]
WARNING: [Synth 8-3331] design adau1761_test has unconnected port sw[7]
WARNING: [Synth 8-3331] design adau1761_test has unconnected port sw[6]
WARNING: [Synth 8-3331] design adau1761_test has unconnected port sw[5]
WARNING: [Synth 8-3331] design adau1761_test has unconnected port sw[4]
WARNING: [Synth 8-3331] design adau1761_test has unconnected port sw[3]
WARNING: [Synth 8-3331] design adau1761_test has unconnected port sw[2]
---------------------------------------------------------------------------------
Finished RTL Elaboration : Time (s): cpu = 00:00:03 ; elapsed = 00:00:03 . Memory (MB): peak = 1727.980 ; gain = 0.000
---------------------------------------------------------------------------------

Report Check Netlist: 
+------+------------------+-------+---------+-------+------------------+
|      |Item              |Errors |Warnings |Status |Description       |
+------+------------------+-------+---------+-------+------------------+
|1     |multi_driven_nets |      0|        0|Passed |Multi driven nets |
+------+------------------+-------+---------+-------+------------------+
---------------------------------------------------------------------------------
Start Handling Custom Attributes
---------------------------------------------------------------------------------
---------------------------------------------------------------------------------
Finished Handling Custom Attributes : Time (s): cpu = 00:00:03 ; elapsed = 00:00:03 . Memory (MB): peak = 1727.980 ; gain = 0.000
---------------------------------------------------------------------------------
---------------------------------------------------------------------------------
Finished RTL Optimization Phase 1 : Time (s): cpu = 00:00:03 ; elapsed = 00:00:03 . Memory (MB): peak = 1727.980 ; gain = 0.000
---------------------------------------------------------------------------------
INFO: [Netlist 29-17] Analyzing 1 Unisim elements for replacement
INFO: [Netlist 29-28] Unisim Transformation completed in 0 CPU seconds
INFO: [Project 1-570] Preparing netlist for logic optimization
INFO: [Opt 31-141] Inserted 2 OBUFs to IO ports without IO buffers.

Processing XDC Constraints
Initializing timing engine
Parsing XDC File [C:/Users/usuario/Desktop/Masterra/I. Urtea/2. Lahuliekoa/Zirkuitu Digitalen Laborategia/Laborategia/project_hamster/project_hamster.srcs/constrs_1/imports/dsp_base_project/hamset_ioplanning/hamset_ioplanning.srcs/constrs_1/new/hamster_constraints.xdc]
CRITICAL WARNING: [Common 17-69] Command failed: Cannot change direction of connected port 'AC_ADR0' [C:/Users/usuario/Desktop/Masterra/I. Urtea/2. Lahuliekoa/Zirkuitu Digitalen Laborategia/Laborategia/project_hamster/project_hamster.srcs/constrs_1/imports/dsp_base_project/hamset_ioplanning/hamset_ioplanning.srcs/constrs_1/new/hamster_constraints.xdc:1]
CRITICAL WARNING: [Common 17-69] Command failed: Cannot change direction of connected port 'AC_ADR1' [C:/Users/usuario/Desktop/Masterra/I. Urtea/2. Lahuliekoa/Zirkuitu Digitalen Laborategia/Laborategia/project_hamster/project_hamster.srcs/constrs_1/imports/dsp_base_project/hamset_ioplanning/hamset_ioplanning.srcs/constrs_1/new/hamster_constraints.xdc:2]
CRITICAL WARNING: [Common 17-69] Command failed: Cannot change direction of connected port 'AC_GPIO0' [C:/Users/usuario/Desktop/Masterra/I. Urtea/2. Lahuliekoa/Zirkuitu Digitalen Laborategia/Laborategia/project_hamster/project_hamster.srcs/constrs_1/imports/dsp_base_project/hamset_ioplanning/hamset_ioplanning.srcs/constrs_1/new/hamster_constraints.xdc:3]
CRITICAL WARNING: [Common 17-69] Command failed: Cannot change direction of connected port 'AC_GPIO1' [C:/Users/usuario/Desktop/Masterra/I. Urtea/2. Lahuliekoa/Zirkuitu Digitalen Laborategia/Laborategia/project_hamster/project_hamster.srcs/constrs_1/imports/dsp_base_project/hamset_ioplanning/hamset_ioplanning.srcs/constrs_1/new/hamster_constraints.xdc:4]
CRITICAL WARNING: [Common 17-69] Command failed: Cannot change direction of connected port 'AC_GPIO2' [C:/Users/usuario/Desktop/Masterra/I. Urtea/2. Lahuliekoa/Zirkuitu Digitalen Laborategia/Laborategia/project_hamster/project_hamster.srcs/constrs_1/imports/dsp_base_project/hamset_ioplanning/hamset_ioplanning.srcs/constrs_1/new/hamster_constraints.xdc:5]
CRITICAL WARNING: [Common 17-69] Command failed: Cannot change direction of connected port 'AC_GPIO3' [C:/Users/usuario/Desktop/Masterra/I. Urtea/2. Lahuliekoa/Zirkuitu Digitalen Laborategia/Laborategia/project_hamster/project_hamster.srcs/constrs_1/imports/dsp_base_project/hamset_ioplanning/hamset_ioplanning.srcs/constrs_1/new/hamster_constraints.xdc:6]
CRITICAL WARNING: [Common 17-69] Command failed: Cannot change direction of connected port 'AC_MCLK' [C:/Users/usuario/Desktop/Masterra/I. Urtea/2. Lahuliekoa/Zirkuitu Digitalen Laborategia/Laborategia/project_hamster/project_hamster.srcs/constrs_1/imports/dsp_base_project/hamset_ioplanning/hamset_ioplanning.srcs/constrs_1/new/hamster_constraints.xdc:7]
CRITICAL WARNING: [Common 17-69] Command failed: Cannot change direction of connected port 'AC_SCK' [C:/Users/usuario/Desktop/Masterra/I. Urtea/2. Lahuliekoa/Zirkuitu Digitalen Laborategia/Laborategia/project_hamster/project_hamster.srcs/constrs_1/imports/dsp_base_project/hamset_ioplanning/hamset_ioplanning.srcs/constrs_1/new/hamster_constraints.xdc:8]
CRITICAL WARNING: [Common 17-69] Command failed: Cannot change direction of connected port 'AC_SDA' [C:/Users/usuario/Desktop/Masterra/I. Urtea/2. Lahuliekoa/Zirkuitu Digitalen Laborategia/Laborategia/project_hamster/project_hamster.srcs/constrs_1/imports/dsp_base_project/hamset_ioplanning/hamset_ioplanning.srcs/constrs_1/new/hamster_constraints.xdc:9]
WARNING: [Vivado 12-584] No ports matched 'clk_100'. [C:/Users/usuario/Desktop/Masterra/I. Urtea/2. Lahuliekoa/Zirkuitu Digitalen Laborategia/Laborategia/project_hamster/project_hamster.srcs/constrs_1/imports/dsp_base_project/hamset_ioplanning/hamset_ioplanning.srcs/constrs_1/new/hamster_constraints.xdc:10]
CRITICAL WARNING: [Common 17-55] 'set_property' expects at least one object. [C:/Users/usuario/Desktop/Masterra/I. Urtea/2. Lahuliekoa/Zirkuitu Digitalen Laborategia/Laborategia/project_hamster/project_hamster.srcs/constrs_1/imports/dsp_base_project/hamset_ioplanning/hamset_ioplanning.srcs/constrs_1/new/hamster_constraints.xdc:10]
Resolution: If [get_<value>] was used to populate the object, check to make sure this command returns at least one valid object.
CRITICAL WARNING: [Common 17-69] Command failed: Cannot change direction of connected port 'sw[0]' [C:/Users/usuario/Desktop/Masterra/I. Urtea/2. Lahuliekoa/Zirkuitu Digitalen Laborategia/Laborategia/project_hamster/project_hamster.srcs/constrs_1/imports/dsp_base_project/hamset_ioplanning/hamset_ioplanning.srcs/constrs_1/new/hamster_constraints.xdc:11]
CRITICAL WARNING: [Common 17-69] Command failed: Cannot change direction of connected port 'sw[1]' [C:/Users/usuario/Desktop/Masterra/I. Urtea/2. Lahuliekoa/Zirkuitu Digitalen Laborategia/Laborategia/project_hamster/project_hamster.srcs/constrs_1/imports/dsp_base_project/hamset_ioplanning/hamset_ioplanning.srcs/constrs_1/new/hamster_constraints.xdc:12]
WARNING: [Vivado 12-584] No ports matched 'clk_100'. [C:/Users/usuario/Desktop/Masterra/I. Urtea/2. Lahuliekoa/Zirkuitu Digitalen Laborategia/Laborategia/project_hamster/project_hamster.srcs/constrs_1/imports/dsp_base_project/hamset_ioplanning/hamset_ioplanning.srcs/constrs_1/new/hamster_constraints.xdc:13]
CRITICAL WARNING: [Common 17-55] 'set_property' expects at least one object. [C:/Users/usuario/Desktop/Masterra/I. Urtea/2. Lahuliekoa/Zirkuitu Digitalen Laborategia/Laborategia/project_hamster/project_hamster.srcs/constrs_1/imports/dsp_base_project/hamset_ioplanning/hamset_ioplanning.srcs/constrs_1/new/hamster_constraints.xdc:13]
Resolution: If [get_<value>] was used to populate the object, check to make sure this command returns at least one valid object.
WARNING: [Vivado 12-584] No ports matched 'clk_100'. [C:/Users/usuario/Desktop/Masterra/I. Urtea/2. Lahuliekoa/Zirkuitu Digitalen Laborategia/Laborategia/project_hamster/project_hamster.srcs/constrs_1/imports/dsp_base_project/hamset_ioplanning/hamset_ioplanning.srcs/constrs_1/new/hamster_constraints.xdc:40]
CRITICAL WARNING: [Vivado 12-4739] create_clock:No valid object(s) found for '-objects [get_ports clk_100]'. [C:/Users/usuario/Desktop/Masterra/I. Urtea/2. Lahuliekoa/Zirkuitu Digitalen Laborategia/Laborategia/project_hamster/project_hamster.srcs/constrs_1/imports/dsp_base_project/hamset_ioplanning/hamset_ioplanning.srcs/constrs_1/new/hamster_constraints.xdc:40]
Resolution: Check if the specified object(s) exists in the current design. If it does, ensure that the correct design hierarchy was specified for the object. If you are working with clocks, make sure create_clock was used to create the clock object before it is referenced.
Finished Parsing XDC File [C:/Users/usuario/Desktop/Masterra/I. Urtea/2. Lahuliekoa/Zirkuitu Digitalen Laborategia/Laborategia/project_hamster/project_hamster.srcs/constrs_1/imports/dsp_base_project/hamset_ioplanning/hamset_ioplanning.srcs/constrs_1/new/hamster_constraints.xdc]
Completed Processing XDC Constraints

INFO: [Opt 31-138] Pushed 0 inverter(s) to 0 load pin(s).
Netlist sorting complete. Time (s): cpu = 00:00:00 ; elapsed = 00:00:00 . Memory (MB): peak = 1825.566 ; gain = 0.000
INFO: [Project 1-111] Unisim Transformation Summary:
  A total of 1 instances were transformed.
  IOBUF => IOBUF (IBUF, OBUFT): 1 instances

RTL Elaboration Complete:  : Time (s): cpu = 00:00:10 ; elapsed = 00:00:06 . Memory (MB): peak = 1825.566 ; gain = 97.586
27 Infos, 12 Warnings, 14 Critical Warnings and 0 Errors encountered.
synth_design completed successfully
synth_design: Time (s): cpu = 00:00:10 ; elapsed = 00:00:06 . Memory (MB): peak = 1825.566 ; gain = 97.586
close_project
open_project {C:/Users/usuario/Desktop/Masterra/I. Urtea/2. Lahuliekoa/Zirkuitu Digitalen Laborategia/Laborategia/Zedboard_dsp_base_project_24bit_v0.2/hamstr/hamstr.xpr}
INFO: [ProjectBase 1-489] The host OS only allows 260 characters in a normal path. The project is stored in a path with more than 80 characters. If you experience issues with IP, Block Designs, or files not being found, please consider moving the project to a location with a shorter path. Alternately consider using the OS subst command to map part of the path to a drive letter.
Current project path is 'C:/Users/usuario/Desktop/Masterra/I. Urtea/2. Lahuliekoa/Zirkuitu Digitalen Laborategia/Laborategia/Zedboard_dsp_base_project_24bit_v0.2/hamstr'
Scanning sources...
Finished scanning sources
INFO: [IP_Flow 19-234] Refreshing IP repositories
INFO: [IP_Flow 19-1704] No user IP repositories specified
INFO: [IP_Flow 19-2313] Loaded Vivado IP repository 'C:/Xilinx/Vivado/2018.3/data/ip'.
synth_design -rtl -name rtl_1
Command: synth_design -rtl -name rtl_1
Starting synth_design
Using part: xc7z020clg484-1
Top: adau1761_test
---------------------------------------------------------------------------------
Starting RTL Elaboration : Time (s): cpu = 00:00:03 ; elapsed = 00:00:02 . Memory (MB): peak = 1825.566 ; gain = 0.000
---------------------------------------------------------------------------------
INFO: [Synth 8-638] synthesizing module 'adau1761_test' [C:/Users/usuario/Desktop/Masterra/I. Urtea/2. Lahuliekoa/Zirkuitu Digitalen Laborategia/Laborategia/Zedboard_dsp_base_project_24bit_v0.2/adau1761_test.vhd:32]
INFO: [Synth 8-3491] module 'adau1761_izedboard' declared at 'C:/Users/usuario/Desktop/Masterra/I. Urtea/2. Lahuliekoa/Zirkuitu Digitalen Laborategia/Laborategia/Zedboard_dsp_base_project_24bit_v0.2/adau1761_izedboard.vhd:26' bound to instance 'Inst_adau1761_izedboard' of component 'adau1761_izedboard' [C:/Users/usuario/Desktop/Masterra/I. Urtea/2. Lahuliekoa/Zirkuitu Digitalen Laborategia/Laborategia/Zedboard_dsp_base_project_24bit_v0.2/adau1761_test.vhd:153]
INFO: [Synth 8-638] synthesizing module 'adau1761_izedboard' [C:/Users/usuario/Desktop/Masterra/I. Urtea/2. Lahuliekoa/Zirkuitu Digitalen Laborategia/Laborategia/Zedboard_dsp_base_project_24bit_v0.2/adau1761_izedboard.vhd:47]
	Parameter DRIVE bound to: 12 - type: integer 
	Parameter IBUF_LOW_PWR bound to: 1 - type: bool 
	Parameter IOSTANDARD bound to: DEFAULT - type: string 
	Parameter SLEW bound to: SLOW - type: string 
INFO: [Synth 8-113] binding component instance 'i_i2s_sda_obuf' to cell 'IOBUF' [C:/Users/usuario/Desktop/Masterra/I. Urtea/2. Lahuliekoa/Zirkuitu Digitalen Laborategia/Laborategia/Zedboard_dsp_base_project_24bit_v0.2/adau1761_izedboard.vhd:132]
INFO: [Synth 8-3491] module 'i2c' declared at 'C:/Users/usuario/Desktop/Masterra/I. Urtea/2. Lahuliekoa/Zirkuitu Digitalen Laborategia/Laborategia/Zedboard_dsp_base_project_24bit_v0.2/i2c.vhd:9' bound to instance 'Inst_i2c' of component 'i2c' [C:/Users/usuario/Desktop/Masterra/I. Urtea/2. Lahuliekoa/Zirkuitu Digitalen Laborategia/Laborategia/Zedboard_dsp_base_project_24bit_v0.2/adau1761_izedboard.vhd:140]
INFO: [Synth 8-638] synthesizing module 'i2c' [C:/Users/usuario/Desktop/Masterra/I. Urtea/2. Lahuliekoa/Zirkuitu Digitalen Laborategia/Laborategia/Zedboard_dsp_base_project_24bit_v0.2/i2c.vhd:19]
INFO: [Synth 8-3491] module 'adau1761_configuraiton_data' declared at 'C:/Users/usuario/Desktop/Masterra/I. Urtea/2. Lahuliekoa/Zirkuitu Digitalen Laborategia/Laborategia/Zedboard_dsp_base_project_24bit_v0.2/adau1761_configuraiton_data.vhd:13' bound to instance 'Inst_adau1761_configuraiton_data' of component 'adau1761_configuraiton_data' [C:/Users/usuario/Desktop/Masterra/I. Urtea/2. Lahuliekoa/Zirkuitu Digitalen Laborategia/Laborategia/Zedboard_dsp_base_project_24bit_v0.2/i2c.vhd:56]
INFO: [Synth 8-638] synthesizing module 'adau1761_configuraiton_data' [C:/Users/usuario/Desktop/Masterra/I. Urtea/2. Lahuliekoa/Zirkuitu Digitalen Laborategia/Laborategia/Zedboard_dsp_base_project_24bit_v0.2/adau1761_configuraiton_data.vhd:19]
INFO: [Synth 8-256] done synthesizing module 'adau1761_configuraiton_data' (1#1) [C:/Users/usuario/Desktop/Masterra/I. Urtea/2. Lahuliekoa/Zirkuitu Digitalen Laborategia/Laborategia/Zedboard_dsp_base_project_24bit_v0.2/adau1761_configuraiton_data.vhd:19]
	Parameter clk_divide bound to: 8'b01111000 
INFO: [Synth 8-3491] module 'i3c2' declared at 'C:/Users/usuario/Desktop/Masterra/I. Urtea/2. Lahuliekoa/Zirkuitu Digitalen Laborategia/Laborategia/Zedboard_dsp_base_project_24bit_v0.2/i3c2.vhd:18' bound to instance 'Inst_i3c2' of component 'i3c2' [C:/Users/usuario/Desktop/Masterra/I. Urtea/2. Lahuliekoa/Zirkuitu Digitalen Laborategia/Laborategia/Zedboard_dsp_base_project_24bit_v0.2/i2c.vhd:62]
INFO: [Synth 8-638] synthesizing module 'i3c2' [C:/Users/usuario/Desktop/Masterra/I. Urtea/2. Lahuliekoa/Zirkuitu Digitalen Laborategia/Laborategia/Zedboard_dsp_base_project_24bit_v0.2/i3c2.vhd:38]
	Parameter clk_divide bound to: 8'b01111000 
INFO: [Synth 8-256] done synthesizing module 'i3c2' (2#1) [C:/Users/usuario/Desktop/Masterra/I. Urtea/2. Lahuliekoa/Zirkuitu Digitalen Laborategia/Laborategia/Zedboard_dsp_base_project_24bit_v0.2/i3c2.vhd:38]
INFO: [Synth 8-256] done synthesizing module 'i2c' (3#1) [C:/Users/usuario/Desktop/Masterra/I. Urtea/2. Lahuliekoa/Zirkuitu Digitalen Laborategia/Laborategia/Zedboard_dsp_base_project_24bit_v0.2/i2c.vhd:19]
INFO: [Synth 8-3491] module 'ADAU1761_interface' declared at 'C:/Users/usuario/Desktop/Masterra/I. Urtea/2. Lahuliekoa/Zirkuitu Digitalen Laborategia/Laborategia/Zedboard_dsp_base_project_24bit_v0.2/ADAU1761_interface.vhd:11' bound to instance 'i_ADAU1761_interface' of component 'ADAU1761_interface' [C:/Users/usuario/Desktop/Masterra/I. Urtea/2. Lahuliekoa/Zirkuitu Digitalen Laborategia/Laborategia/Zedboard_dsp_base_project_24bit_v0.2/adau1761_izedboard.vhd:150]
INFO: [Synth 8-638] synthesizing module 'ADAU1761_interface' [C:/Users/usuario/Desktop/Masterra/I. Urtea/2. Lahuliekoa/Zirkuitu Digitalen Laborategia/Laborategia/Zedboard_dsp_base_project_24bit_v0.2/ADAU1761_interface.vhd:16]
INFO: [Synth 8-256] done synthesizing module 'ADAU1761_interface' (4#1) [C:/Users/usuario/Desktop/Masterra/I. Urtea/2. Lahuliekoa/Zirkuitu Digitalen Laborategia/Laborategia/Zedboard_dsp_base_project_24bit_v0.2/ADAU1761_interface.vhd:16]
INFO: [Synth 8-3491] module 'i2s_data_interface' declared at 'C:/Users/usuario/Desktop/Masterra/I. Urtea/2. Lahuliekoa/Zirkuitu Digitalen Laborategia/Laborategia/Zedboard_dsp_base_project_24bit_v0.2/i2s_data_interface.vhd:13' bound to instance 'Inst_i2s_data_interface' of component 'i2s_data_interface' [C:/Users/usuario/Desktop/Masterra/I. Urtea/2. Lahuliekoa/Zirkuitu Digitalen Laborategia/Laborategia/Zedboard_dsp_base_project_24bit_v0.2/adau1761_izedboard.vhd:155]
INFO: [Synth 8-638] synthesizing module 'i2s_data_interface' [C:/Users/usuario/Desktop/Masterra/I. Urtea/2. Lahuliekoa/Zirkuitu Digitalen Laborategia/Laborategia/Zedboard_dsp_base_project_24bit_v0.2/i2s_data_interface.vhd:26]
INFO: [Synth 8-256] done synthesizing module 'i2s_data_interface' (5#1) [C:/Users/usuario/Desktop/Masterra/I. Urtea/2. Lahuliekoa/Zirkuitu Digitalen Laborategia/Laborategia/Zedboard_dsp_base_project_24bit_v0.2/i2s_data_interface.vhd:26]
INFO: [Synth 8-256] done synthesizing module 'adau1761_izedboard' (6#1) [C:/Users/usuario/Desktop/Masterra/I. Urtea/2. Lahuliekoa/Zirkuitu Digitalen Laborategia/Laborategia/Zedboard_dsp_base_project_24bit_v0.2/adau1761_izedboard.vhd:47]
WARNING: [Synth 8-6014] Unused sequential element sw_synced_reg was removed.  [C:/Users/usuario/Desktop/Masterra/I. Urtea/2. Lahuliekoa/Zirkuitu Digitalen Laborategia/Laborategia/Zedboard_dsp_base_project_24bit_v0.2/adau1761_test.vhd:118]
INFO: [Synth 8-256] done synthesizing module 'adau1761_test' (7#1) [C:/Users/usuario/Desktop/Masterra/I. Urtea/2. Lahuliekoa/Zirkuitu Digitalen Laborategia/Laborategia/Zedboard_dsp_base_project_24bit_v0.2/adau1761_test.vhd:32]
WARNING: [Synth 8-3331] design adau1761_test has unconnected port sw[7]
WARNING: [Synth 8-3331] design adau1761_test has unconnected port sw[6]
WARNING: [Synth 8-3331] design adau1761_test has unconnected port sw[5]
WARNING: [Synth 8-3331] design adau1761_test has unconnected port sw[4]
WARNING: [Synth 8-3331] design adau1761_test has unconnected port sw[3]
WARNING: [Synth 8-3331] design adau1761_test has unconnected port sw[2]
---------------------------------------------------------------------------------
Finished RTL Elaboration : Time (s): cpu = 00:00:03 ; elapsed = 00:00:03 . Memory (MB): peak = 1825.566 ; gain = 0.000
---------------------------------------------------------------------------------

Report Check Netlist: 
+------+------------------+-------+---------+-------+------------------+
|      |Item              |Errors |Warnings |Status |Description       |
+------+------------------+-------+---------+-------+------------------+
|1     |multi_driven_nets |      0|        0|Passed |Multi driven nets |
+------+------------------+-------+---------+-------+------------------+
---------------------------------------------------------------------------------
Start Handling Custom Attributes
---------------------------------------------------------------------------------
---------------------------------------------------------------------------------
Finished Handling Custom Attributes : Time (s): cpu = 00:00:04 ; elapsed = 00:00:03 . Memory (MB): peak = 1825.566 ; gain = 0.000
---------------------------------------------------------------------------------
---------------------------------------------------------------------------------
Finished RTL Optimization Phase 1 : Time (s): cpu = 00:00:04 ; elapsed = 00:00:03 . Memory (MB): peak = 1825.566 ; gain = 0.000
---------------------------------------------------------------------------------
INFO: [Netlist 29-17] Analyzing 1 Unisim elements for replacement
INFO: [Netlist 29-28] Unisim Transformation completed in 0 CPU seconds
INFO: [Device 21-403] Loading part xc7z020clg484-1
INFO: [Project 1-570] Preparing netlist for logic optimization
INFO: [Opt 31-141] Inserted 2 OBUFs to IO ports without IO buffers.

Processing XDC Constraints
Initializing timing engine
Parsing XDC File [C:/Users/usuario/Desktop/Masterra/I. Urtea/2. Lahuliekoa/Zirkuitu Digitalen Laborategia/Laborategia/Zedboard_dsp_base_project_24bit_v0.2/hamstr/hamstr.srcs/constrs_1/imports/dsp_base_project/pinPlanning/pinPlanning.srcs/constrs_1/new/hamster_constr.xdc]
INFO: [Vivado 12-2286] Implicit search of objects for pattern 'clk_48' matched to 'port' objects. [C:/Users/usuario/Desktop/Masterra/I. Urtea/2. Lahuliekoa/Zirkuitu Digitalen Laborategia/Laborategia/Zedboard_dsp_base_project_24bit_v0.2/hamstr/hamstr.srcs/constrs_1/imports/dsp_base_project/pinPlanning/pinPlanning.srcs/constrs_1/new/hamster_constr.xdc:46]
Resolution: To avoid ambiguous patterns, provide proper objects using get commands e.g. [get_nets xyz].
Finished Parsing XDC File [C:/Users/usuario/Desktop/Masterra/I. Urtea/2. Lahuliekoa/Zirkuitu Digitalen Laborategia/Laborategia/Zedboard_dsp_base_project_24bit_v0.2/hamstr/hamstr.srcs/constrs_1/imports/dsp_base_project/pinPlanning/pinPlanning.srcs/constrs_1/new/hamster_constr.xdc]
Completed Processing XDC Constraints

INFO: [Opt 31-138] Pushed 0 inverter(s) to 0 load pin(s).
Netlist sorting complete. Time (s): cpu = 00:00:00 ; elapsed = 00:00:00 . Memory (MB): peak = 1825.566 ; gain = 0.000
INFO: [Project 1-111] Unisim Transformation Summary:
  A total of 1 instances were transformed.
  IOBUF => IOBUF (IBUF, OBUFT): 1 instances

RTL Elaboration Complete:  : Time (s): cpu = 00:00:13 ; elapsed = 00:00:10 . Memory (MB): peak = 1825.566 ; gain = 0.000
29 Infos, 7 Warnings, 0 Critical Warnings and 0 Errors encountered.
synth_design completed successfully
synth_design: Time (s): cpu = 00:00:13 ; elapsed = 00:00:10 . Memory (MB): peak = 1825.566 ; gain = 0.000
file mkdir C:/Users/usuario/Desktop/Masterra/I. Urtea/2. Lahuliekoa/Zirkuitu Digitalen Laborategia/Laborategia/Zedboard_dsp_base_project_24bit_v0.2/hamstr/hamstr.srcs/sources_1/new
can't create directory "C:/Users/usuario/Desktop/Masterra/I.": file already exists
file mkdir C:/Users/usuario/Desktop/Masterra/I. Urtea/2. Lahuliekoa/Zirkuitu Digitalen Laborategia/Laborategia/Zedboard_dsp_base_project_24bit_v0.2/hamstr/hamstr.srcs/sources_1/new
can't create directory "C:/Users/usuario/Desktop/Masterra/I.": file already exists
file mkdir C:/Users/usuario/Desktop/Masterra/I. Urtea/2. Lahuliekoa/Zirkuitu Digitalen Laborategia/Laborategia/Zedboard_dsp_base_project_24bit_v0.2/hamstr/hamstr.srcs/sources_1/new
can't create directory "C:/Users/usuario/Desktop/Masterra/I.": file already exists
file mkdir C:/Users/usuario/Desktop/Masterra/I. Urtea/2. Lahuliekoa/Zirkuitu Digitalen Laborategia/Laborategia/Zedboard_dsp_base_project_24bit_v0.2/hamstr/hamstr.srcs/sources_1/new
can't create directory "C:/Users/usuario/Desktop/Masterra/I.": file already exists
file mkdir C:/Users/usuario/Desktop/Masterra/I. Urtea/2. Lahuliekoa/Zirkuitu Digitalen Laborategia/Laborategia/Zedboard_dsp_base_project_24bit_v0.2/hamstr/hamstr.srcs/sources_1/new
can't create directory "C:/Users/usuario/Desktop/Masterra/I.": file already exists
file mkdir C:/Users/usuario/Desktop/Masterra/I. Urtea/2. Lahuliekoa/Zirkuitu Digitalen Laborategia/Laborategia/Zedboard_dsp_base_project_24bit_v0.2/hamstr/hamstr.srcs/sources_1/new
can't create directory "C:/Users/usuario/Desktop/Masterra/I.": file already exists
file mkdir C:/Users/usuario/Desktop/Masterra/I. Urtea/2. Lahuliekoa/Zirkuitu Digitalen Laborategia/Laborategia/Zedboard_dsp_base_project_24bit_v0.2/hamstr/hamstr.srcs/sources_1/new
can't create directory "C:/Users/usuario/Desktop/Masterra/I.": file already exists
file mkdir C:/Users/usuario/Desktop/Masterra/I. Urtea/2. Lahuliekoa/Zirkuitu Digitalen Laborategia/Laborategia/Zedboard_dsp_base_project_24bit_v0.2/hamstr/hamstr.srcs/sources_1/new
can't create directory "C:/Users/usuario/Desktop/Masterra/I.": file already exists
file mkdir {C:/Users/usuario/Desktop/Masterra/I. Urtea/2. Lahuliekoa/Zirkuitu Digitalen Laborategia/Laborategia/Zedboard_dsp_base_project_24bit_v0.2/hamstr/hamstr.srcs/sources_1/new}
close [ open {C:/Users/usuario/Desktop/Masterra/I. Urtea/2. Lahuliekoa/Zirkuitu Digitalen Laborategia/Laborategia/Zedboard_dsp_base_project_24bit_v0.2/hamstr/hamstr.srcs/sources_1/new/qpsk_reg.vhd} w ]
add_files {{C:/Users/usuario/Desktop/Masterra/I. Urtea/2. Lahuliekoa/Zirkuitu Digitalen Laborategia/Laborategia/Zedboard_dsp_base_project_24bit_v0.2/hamstr/hamstr.srcs/sources_1/new/qpsk_reg.vhd}}
exit
INFO: [Common 17-206] Exiting Vivado at Wed Apr 27 13:49:48 2022...
